#
# There is insufficient memory for the Java Runtime Environment to continue.
# Native memory allocation (mmap) failed to map 65536 bytes for Failed to commit metaspace.
# Possible reasons:
#   The system is out of physical RAM or swap space
#   The process is running with CompressedOops enabled, and the Java Heap may be blocking the growth of the native heap
# Possible solutions:
#   Reduce memory load on the system
#   Increase physical memory or swap space
#   Check if swap backing store is full
#   Decrease Java heap size (-Xmx/-Xms)
#   Decrease number of Java threads
#   Decrease Java thread stack sizes (-Xss)
#   Set larger code cache with -XX:ReservedCodeCacheSize=
#   JVM is running with Zero Based Compressed Oops mode in which the Java heap is
#     placed in the first 32GB address space. The Java Heap base address is the
#     maximum limit for the native heap growth. Please use -XX:HeapBaseMinAddress
#     to set the Java Heap base and to place the Java Heap above 32GB virtual address.
# This output file may be truncated or incomplete.
#
#  Out of Memory Error (virtualSpaceNode.cpp:110), pid=29968, tid=26000
#
# JRE version: Java(TM) SE Runtime Environment (17.0.6+9) (build 17.0.6+9-LTS-190)
# Java VM: Java HotSpot(TM) 64-Bit Server VM (17.0.6+9-LTS-190, mixed mode, sharing, tiered, compressed oops, compressed class ptrs, g1 gc, windows-amd64)
# No core dump will be written. Minidumps are not enabled by default on client versions of Windows
#

---------------  S U M M A R Y ------------

Command Line: -Dorg.jetbrains.run.directory=C:\Users\renar\Documents\Development\crud-Ecommerce-App-test\src\test\resources\features -javaagent:C:\Program Files\JetBrains\IntelliJ IDEA 2023.2.3\lib\idea_rt.jar=50027:C:\Program Files\JetBrains\IntelliJ IDEA 2023.2.3\bin -Dfile.encoding=UTF-8 io.cucumber.core.cli.Main --plugin org.jetbrains.plugins.cucumber.java.run.CucumberJvm5SMFormatter --glue br.ada.ecommerce.test.customer C:/Users/renar/Documents/Development/crud-Ecommerce-App-test/src/test/resources/features/customer_register.feature

Host: Intel(R) Core(TM) i5-8250U CPU @ 1.60GHz, 8 cores, 11G,  Windows 11 , 64 bit Build 23606 (10.0.23606.1000)
Time: Thu Dec 14 14:02:29 2023 SA Eastern Standard Time elapsed time: 3.194617 seconds (0d 0h 0m 3s)

---------------  T H R E A D  ---------------

Current thread (0x0000018d751861f0):  JavaThread "main" [_thread_in_vm, id=26000, stack(0x00000081d9400000,0x00000081d9500000)]

Stack: [0x00000081d9400000,0x00000081d9500000]
Native frames: (J=compiled Java code, j=interpreted, Vv=VM code, C=native code)
V  [jvm.dll+0x6734ea]
V  [jvm.dll+0x7d18f4]
V  [jvm.dll+0x7d309e]
V  [jvm.dll+0x7d3703]
V  [jvm.dll+0x2433c5]
V  [jvm.dll+0x7cd9fb]
V  [jvm.dll+0x619546]
V  [jvm.dll+0x1bdf07]
V  [jvm.dll+0x61bea0]
V  [jvm.dll+0x619f06]
V  [jvm.dll+0x623c07]
V  [jvm.dll+0x1e79bd]
V  [jvm.dll+0x1e7f85]
V  [jvm.dll+0x1e88cb]
V  [jvm.dll+0x1de0d1]
V  [jvm.dll+0x5399dc]
V  [jvm.dll+0x74c638]
V  [jvm.dll+0x74c724]
V  [jvm.dll+0x4080bf]
V  [jvm.dll+0x40e0d9]
C  [java.dll+0x17ec]

Java frames: (J=compiled Java code, j=interpreted, Vv=VM code)
J 1143  java.lang.ClassLoader.defineClass1(Ljava/lang/ClassLoader;Ljava/lang/String;[BIILjava/security/ProtectionDomain;Ljava/lang/String;)Ljava/lang/Class; java.base@17.0.6 (0 bytes) @ 0x0000018d07b2bc63 [0x0000018d07b2bba0+0x00000000000000c3]
j  java.lang.ClassLoader.defineClass(Ljava/lang/String;[BIILjava/security/ProtectionDomain;)Ljava/lang/Class;+27 java.base@17.0.6
J 1197 c1 java.security.SecureClassLoader.defineClass(Ljava/lang/String;[BIILjava/security/CodeSource;)Ljava/lang/Class; java.base@17.0.6 (16 bytes) @ 0x0000018d0023610c [0x0000018d00236040+0x00000000000000cc]
J 1109 c1 jdk.internal.loader.BuiltinClassLoader.defineClass(Ljava/lang/String;Ljdk/internal/loader/Resource;)Ljava/lang/Class; java.base@17.0.6 (121 bytes) @ 0x0000018d001f66f4 [0x0000018d001f5780+0x0000000000000f74]
J 895 c1 jdk.internal.loader.BuiltinClassLoader.findClassOnClassPathOrNull(Ljava/lang/String;)Ljava/lang/Class; java.base@17.0.6 (64 bytes) @ 0x0000018d001946e4 [0x0000018d00193660+0x0000000000001084]
J 661 c1 jdk.internal.loader.BuiltinClassLoader.loadClassOrNull(Ljava/lang/String;Z)Ljava/lang/Class; java.base@17.0.6 (143 bytes) @ 0x0000018d001072d4 [0x0000018d001063c0+0x0000000000000f14]
J 753 c1 jdk.internal.loader.ClassLoaders$AppClassLoader.loadClass(Ljava/lang/String;Z)Ljava/lang/Class; java.base@17.0.6 (40 bytes) @ 0x0000018d0013c28c [0x0000018d0013bc60+0x000000000000062c]
J 752 c1 java.lang.ClassLoader.loadClass(Ljava/lang/String;)Ljava/lang/Class; java.base@17.0.6 (7 bytes) @ 0x0000018d0013b8cc [0x0000018d0013b7c0+0x000000000000010c]
v  ~StubRoutines::call_stub
j  org.codehaus.groovy.runtime.DefaultGroovyMethods.<clinit>()V+217
v  ~StubRoutines::call_stub
j  org.codehaus.groovy.vmplugin.VMPluginFactory.lambda$createPlugin$0()Lorg/codehaus/groovy/vmplugin/VMPlugin;+60
j  org.codehaus.groovy.vmplugin.VMPluginFactory$$Lambda$297+0x0000000800cbf400.run()Ljava/lang/Object;+0
J 1176 c1 java.security.AccessController.doPrivileged(Ljava/security/PrivilegedAction;)Ljava/lang/Object; java.base@17.0.6 (9 bytes) @ 0x0000018d0022a944 [0x0000018d0022a7e0+0x0000000000000164]
j  org.codehaus.groovy.vmplugin.VMPluginFactory.doPrivileged(Ljava/security/PrivilegedAction;)Ljava/lang/Object;+1
j  org.codehaus.groovy.vmplugin.VMPluginFactory.createPlugin()Lorg/codehaus/groovy/vmplugin/VMPlugin;+5
j  org.codehaus.groovy.vmplugin.VMPluginFactory.<clinit>()V+61
v  ~StubRoutines::call_stub
j  org.codehaus.groovy.reflection.ReflectionUtils.<clinit>()V+0
v  ~StubRoutines::call_stub
j  org.codehaus.groovy.reflection.CachedClass$3.lambda$initValue$1(Ljava/lang/reflect/Method;)Z+3
j  org.codehaus.groovy.reflection.CachedClass$3$$Lambda$294+0x0000000800cbb640.test(Ljava/lang/Object;)Z+4
j  java.util.stream.ReferencePipeline$2$1.accept(Ljava/lang/Object;)V+8 java.base@17.0.6
j  java.util.stream.ReferencePipeline$2$1.accept(Ljava/lang/Object;)V+21 java.base@17.0.6
j  java.util.Spliterators$ArraySpliterator.forEachRemaining(Ljava/util/function/Consumer;)V+53 java.base@17.0.6
j  java.util.stream.AbstractPipeline.copyInto(Ljava/util/stream/Sink;Ljava/util/Spliterator;)V+32 java.base@17.0.6
j  java.util.stream.AbstractPipeline.wrapAndCopyInto(Ljava/util/stream/Sink;Ljava/util/Spliterator;)Ljava/util/stream/Sink;+13 java.base@17.0.6
j  java.util.stream.AbstractPipeline.evaluate(Ljava/util/Spliterator;ZLjava/util/function/IntFunction;)Ljava/util/stream/Node;+32 java.base@17.0.6
j  java.util.stream.AbstractPipeline.evaluateToArrayNode(Ljava/util/function/IntFunction;)Ljava/util/stream/Node;+74 java.base@17.0.6
j  java.util.stream.ReferencePipeline.toArray(Ljava/util/function/IntFunction;)[Ljava/lang/Object;+4 java.base@17.0.6
j  org.codehaus.groovy.reflection.CachedClass$3.lambda$initValue$4()[Lorg/codehaus/groovy/reflection/CachedMethod;+49
j  org.codehaus.groovy.reflection.CachedClass$3$$Lambda$292+0x0000000800cb9480.run()Ljava/lang/Object;+4
J 1176 c1 java.security.AccessController.doPrivileged(Ljava/security/PrivilegedAction;)Ljava/lang/Object; java.base@17.0.6 (9 bytes) @ 0x0000018d0022a944 [0x0000018d0022a7e0+0x0000000000000164]
j  org.codehaus.groovy.reflection.CachedClass.doPrivileged(Ljava/security/PrivilegedAction;)Ljava/lang/Object;+1
j  org.codehaus.groovy.reflection.CachedClass.access$000(Ljava/security/PrivilegedAction;)Ljava/lang/Object;+1
j  org.codehaus.groovy.reflection.CachedClass$3.initValue()[Lorg/codehaus/groovy/reflection/CachedMethod;+8
j  org.codehaus.groovy.reflection.CachedClass$3.initValue()Ljava/lang/Object;+1
j  org.codehaus.groovy.util.LazyReference.getLocked(Z)Ljava/lang/Object;+32
j  org.codehaus.groovy.util.LazyReference.get()Ljava/lang/Object;+14
j  org.codehaus.groovy.reflection.CachedClass.getMethods()[Lorg/codehaus/groovy/reflection/CachedMethod;+4
j  org.codehaus.groovy.reflection.stdclasses.CachedClosureClass.<init>(Ljava/lang/Class;Lorg/codehaus/groovy/reflection/ClassInfo;)V+7
j  org.codehaus.groovy.reflection.ClassInfo.createCachedClass(Ljava/lang/Class;Lorg/codehaus/groovy/reflection/ClassInfo;)Lorg/codehaus/groovy/reflection/CachedClass;+475
j  org.codehaus.groovy.reflection.ClassInfo.access$300(Ljava/lang/Class;Lorg/codehaus/groovy/reflection/ClassInfo;)Lorg/codehaus/groovy/reflection/CachedClass;+2
j  org.codehaus.groovy.reflection.ClassInfo$LazyCachedClassRef.initValue()Lorg/codehaus/groovy/reflection/CachedClass;+17
j  org.codehaus.groovy.reflection.ClassInfo$LazyCachedClassRef.initValue()Ljava/lang/Object;+1
j  org.codehaus.groovy.util.LazyReference.getLocked(Z)Ljava/lang/Object;+32
j  org.codehaus.groovy.util.LazyReference.get()Ljava/lang/Object;+14
j  org.codehaus.groovy.reflection.ClassInfo.getCachedClass()Lorg/codehaus/groovy/reflection/CachedClass;+4
j  org.codehaus.groovy.reflection.ReflectionCache.getCachedClass(Ljava/lang/Class;)Lorg/codehaus/groovy/reflection/CachedClass;+10
j  org.codehaus.groovy.runtime.metaclass.MetaClassRegistryImpl.registerMethods(Ljava/lang/Class;ZZLjava/util/Map;)V+116
j  org.codehaus.groovy.runtime.metaclass.MetaClassRegistryImpl.<init>(IZ)V+165
j  org.codehaus.groovy.runtime.metaclass.MetaClassRegistryImpl.<init>()V+3
j  groovy.lang.GroovySystem.<clinit>()V+8
v  ~StubRoutines::call_stub
j  org.codehaus.groovy.reflection.ClassInfo.isValidWeakMetaClass(Lgroovy/lang/MetaClass;)Z+1
j  org.codehaus.groovy.reflection.ClassInfo.getMetaClassForClass()Lgroovy/lang/MetaClass;+17
j  org.codehaus.groovy.reflection.ClassInfo.getMetaClass()Lgroovy/lang/MetaClass;+1
j  io.restassured.authentication.NoAuthScheme.$getStaticMetaClass()Lgroovy/lang/MetaClass;+35
j  io.restassured.authentication.NoAuthScheme.<init>()V+9
j  io.restassured.RestAssured.<clinit>()V+14
v  ~StubRoutines::call_stub
j  br.ada.ecommerce.test.customer.CustomerDefinitions.<init>()V+5
v  ~StubRoutines::call_stub
j  jdk.internal.reflect.NativeConstructorAccessorImpl.newInstance0(Ljava/lang/reflect/Constructor;[Ljava/lang/Object;)Ljava/lang/Object;+0 java.base@17.0.6
j  jdk.internal.reflect.NativeConstructorAccessorImpl.newInstance([Ljava/lang/Object;)Ljava/lang/Object;+118 java.base@17.0.6
j  jdk.internal.reflect.DelegatingConstructorAccessorImpl.newInstance([Ljava/lang/Object;)Ljava/lang/Object;+5 java.base@17.0.6
j  java.lang.reflect.Constructor.newInstanceWithCaller([Ljava/lang/Object;ZLjava/lang/Class;)Ljava/lang/Object;+65 java.base@17.0.6
j  java.lang.reflect.Constructor.newInstance([Ljava/lang/Object;)Ljava/lang/Object;+30 java.base@17.0.6
j  io.cucumber.core.backend.DefaultObjectFactory.cacheNewInstance(Ljava/lang/Class;)Ljava/lang/Object;+14
j  io.cucumber.core.backend.DefaultObjectFactory.getInstance(Ljava/lang/Class;)Ljava/lang/Object;+21
j  io.cucumber.java.AbstractGlueDefinition.invokeMethod([Ljava/lang/Object;)Ljava/lang/Object;+35
j  io.cucumber.java.JavaStepDefinition.execute([Ljava/lang/Object;)V+2
j  io.cucumber.core.runner.CoreStepDefinition.execute([Ljava/lang/Object;)V+5
j  io.cucumber.core.runner.PickleStepDefinitionMatch.runStep(Lio/cucumber/core/backend/TestCaseState;)V+173
j  io.cucumber.core.runner.ExecutionMode$1.execute(Lio/cucumber/core/runner/StepDefinitionMatch;Lio/cucumber/core/runner/TestCaseState;)Lio/cucumber/plugin/event/Status;+2
j  io.cucumber.core.runner.TestStep.executeStep(Lio/cucumber/core/runner/TestCaseState;Lio/cucumber/core/runner/ExecutionMode;)Lio/cucumber/plugin/event/Status;+14
j  io.cucumber.core.runner.TestStep.run(Lio/cucumber/plugin/event/TestCase;Lio/cucumber/core/eventbus/EventBus;Lio/cucumber/core/runner/TestCaseState;Lio/cucumber/core/runner/ExecutionMode;)Lio/cucumber/core/runner/ExecutionMode;+27
j  io.cucumber.core.runner.PickleStepTestStep.run(Lio/cucumber/plugin/event/TestCase;Lio/cucumber/core/eventbus/EventBus;Lio/cucumber/core/runner/TestCaseState;Lio/cucumber/core/runner/ExecutionMode;)Lio/cucumber/core/runner/ExecutionMode;+63
j  io.cucumber.core.runner.TestCase.run(Lio/cucumber/core/eventbus/EventBus;)V+140
j  io.cucumber.core.runner.Runner.runPickle(Lio/cucumber/core/gherkin/Pickle;)V+38
j  io.cucumber.core.runtime.Runtime.lambda$executePickle$6(Lio/cucumber/core/gherkin/Pickle;Lio/cucumber/core/runner/Runner;)V+2
j  io.cucumber.core.runtime.Runtime$$Lambda$222+0x0000000800c8a250.accept(Ljava/lang/Object;)V+8
j  io.cucumber.core.runtime.CucumberExecutionContext.lambda$runTestCase$5(Ljava/util/function/Consumer;Lio/cucumber/core/runner/Runner;)V+2
j  io.cucumber.core.runtime.CucumberExecutionContext$$Lambda$223+0x0000000800c8a480.run()V+8
j  io.cucumber.core.runtime.RethrowingThrowableCollector.executeAndThrow(Ljava/lang/Runnable;)V+1
j  io.cucumber.core.runtime.CucumberExecutionContext.runTestCase(Ljava/util/function/Consumer;)V+16
j  io.cucumber.core.runtime.Runtime.lambda$executePickle$7(Lio/cucumber/core/gherkin/Pickle;)V+10
j  io.cucumber.core.runtime.Runtime$$Lambda$221+0x0000000800c8a030.run()V+8
j  java.util.concurrent.Executors$RunnableAdapter.call()Ljava/lang/Object;+4 java.base@17.0.6
j  java.util.concurrent.FutureTask.run()V+39 java.base@17.0.6
j  io.cucumber.core.runtime.Runtime$SameThreadExecutorService.execute(Ljava/lang/Runnable;)V+1
j  java.util.concurrent.AbstractExecutorService.submit(Ljava/lang/Runnable;)Ljava/util/concurrent/Future;+21 java.base@17.0.6
j  io.cucumber.core.runtime.Runtime.lambda$runFeatures$3(Lio/cucumber/core/gherkin/Pickle;)Ljava/util/concurrent/Future;+9
j  io.cucumber.core.runtime.Runtime$$Lambda$220+0x0000000800c89df0.apply(Ljava/lang/Object;)Ljava/lang/Object;+8
j  java.util.stream.ReferencePipeline$3$1.accept(Ljava/lang/Object;)V+12 java.base@17.0.6
j  java.util.stream.SliceOps$1$1.accept(Ljava/lang/Object;)V+33 java.base@17.0.6
j  java.util.ArrayList$ArrayListSpliterator.tryAdvance(Ljava/util/function/Consumer;)Z+48 java.base@17.0.6
j  java.util.stream.ReferencePipeline.forEachWithCancel(Ljava/util/Spliterator;Ljava/util/stream/Sink;)Z+13 java.base@17.0.6
j  java.util.stream.AbstractPipeline.copyIntoWithCancel(Ljava/util/stream/Sink;Ljava/util/Spliterator;)Z+32 java.base@17.0.6
j  java.util.stream.AbstractPipeline.copyInto(Ljava/util/stream/Sink;Ljava/util/Spliterator;)V+49 java.base@17.0.6
j  java.util.stream.AbstractPipeline.wrapAndCopyInto(Ljava/util/stream/Sink;Ljava/util/Spliterator;)Ljava/util/stream/Sink;+13 java.base@17.0.6
j  java.util.stream.ReduceOps$ReduceOp.evaluateSequential(Ljava/util/stream/PipelineHelper;Ljava/util/Spliterator;)Ljava/lang/Object;+6 java.base@17.0.6
j  java.util.stream.AbstractPipeline.evaluate(Ljava/util/stream/TerminalOp;)Ljava/lang/Object;+88 java.base@17.0.6
j  java.util.stream.ReferencePipeline.collect(Ljava/util/stream/Collector;)Ljava/lang/Object;+86 java.base@17.0.6
j  io.cucumber.core.runtime.Runtime.runFeatures(Ljava/util/List;)V+102
j  io.cucumber.core.runtime.Runtime.lambda$run$0(Ljava/util/List;)V+9
j  io.cucumber.core.runtime.Runtime$$Lambda$182+0x0000000800c38c68.run()V+8
j  io.cucumber.core.runtime.Runtime.execute(Ljava/lang/Runnable;)V+1
j  io.cucumber.core.runtime.Runtime.run()V+25
j  io.cucumber.core.cli.Main.run([Ljava/lang/String;Ljava/lang/ClassLoader;)B+142
j  io.cucumber.core.cli.Main.main([Ljava/lang/String;)V+7
v  ~StubRoutines::call_stub

---------------  P R O C E S S  ---------------

Threads class SMR info:
_java_thread_list=0x0000018d16f951d0, length=13, elements={
0x0000018d751861f0, 0x0000018d1593e840, 0x0000018d1593f6b0, 0x0000018d15952d00,
0x0000018d159537c0, 0x0000018d15957290, 0x0000018d15957c40, 0x0000018d1595a3a0,
0x0000018d1595b240, 0x0000018d1598ee30, 0x0000018d15928e20, 0x0000018d169abba0,
0x0000018d166ab800
}

Java Threads: ( => current thread )
=>0x0000018d751861f0 JavaThread "main" [_thread_in_vm, id=26000, stack(0x00000081d9400000,0x00000081d9500000)]
  0x0000018d1593e840 JavaThread "Reference Handler" daemon [_thread_blocked, id=27948, stack(0x00000081d9b00000,0x00000081d9c00000)]
  0x0000018d1593f6b0 JavaThread "Finalizer" daemon [_thread_blocked, id=29876, stack(0x00000081d9c00000,0x00000081d9d00000)]
  0x0000018d15952d00 JavaThread "Signal Dispatcher" daemon [_thread_blocked, id=25340, stack(0x00000081d9d00000,0x00000081d9e00000)]
  0x0000018d159537c0 JavaThread "Attach Listener" daemon [_thread_blocked, id=23088, stack(0x00000081d9e00000,0x00000081d9f00000)]
  0x0000018d15957290 JavaThread "Service Thread" daemon [_thread_blocked, id=27932, stack(0x00000081d9f00000,0x00000081da000000)]
  0x0000018d15957c40 JavaThread "Monitor Deflation Thread" daemon [_thread_blocked, id=27952, stack(0x00000081da000000,0x00000081da100000)]
  0x0000018d1595a3a0 JavaThread "C2 CompilerThread0" daemon [_thread_blocked, id=31216, stack(0x00000081da100000,0x00000081da200000)]
  0x0000018d1595b240 JavaThread "C1 CompilerThread0" daemon [_thread_blocked, id=6192, stack(0x00000081da200000,0x00000081da300000)]
  0x0000018d1598ee30 JavaThread "Sweeper thread" daemon [_thread_blocked, id=19676, stack(0x00000081da300000,0x00000081da400000)]
  0x0000018d15928e20 JavaThread "Common-Cleaner" daemon [_thread_blocked, id=31544, stack(0x00000081da400000,0x00000081da500000)]
  0x0000018d169abba0 JavaThread "Monitor Ctrl-Break" daemon [_thread_in_native, id=30684, stack(0x00000081da500000,0x00000081da600000)]
  0x0000018d166ab800 JavaThread "Notification Thread" daemon [_thread_blocked, id=31152, stack(0x00000081da600000,0x00000081da700000)]

Other Threads:
  0x0000018d15938c40 VMThread "VM Thread" [stack: 0x00000081d9a00000,0x00000081d9b00000] [id=30312]
  0x0000018d169ac4f0 WatcherThread [stack: 0x00000081da700000,0x00000081da800000] [id=19804]
  0x0000018d751df3c0 GCTaskThread "GC Thread#0" [stack: 0x00000081d9500000,0x00000081d9600000] [id=12420]
  0x0000018d16f21d10 GCTaskThread "GC Thread#1" [stack: 0x00000081da900000,0x00000081daa00000] [id=30860]
  0x0000018d17370c50 GCTaskThread "GC Thread#2" [stack: 0x00000081daa00000,0x00000081dab00000] [id=28512]
  0x0000018d17370f00 GCTaskThread "GC Thread#3" [stack: 0x00000081dab00000,0x00000081dac00000] [id=30120]
  0x0000018d16f61360 GCTaskThread "GC Thread#4" [stack: 0x00000081dac00000,0x00000081dad00000] [id=21928]
  0x0000018d16fe7930 GCTaskThread "GC Thread#5" [stack: 0x00000081dad00000,0x00000081dae00000] [id=23352]
  0x0000018d16fe7be0 GCTaskThread "GC Thread#6" [stack: 0x00000081dae00000,0x00000081daf00000] [id=31692]
  0x0000018d16fe7e90 GCTaskThread "GC Thread#7" [stack: 0x00000081daf00000,0x00000081db000000] [id=31496]
  0x0000018d751ec110 ConcurrentGCThread "G1 Main Marker" [stack: 0x00000081d9600000,0x00000081d9700000] [id=22924]
  0x0000018d751ed2c0 ConcurrentGCThread "G1 Conc#0" [stack: 0x00000081d9700000,0x00000081d9800000] [id=30940]
  0x0000018d158034d0 ConcurrentGCThread "G1 Refine#0" [stack: 0x00000081d9800000,0x00000081d9900000] [id=25576]
  0x0000018d173719c0 ConcurrentGCThread "G1 Refine#1" [stack: 0x00000081db000000,0x00000081db100000] [id=12404]
  0x0000018d7523f320 ConcurrentGCThread "G1 Service" [stack: 0x00000081d9900000,0x00000081d9a00000] [id=31552]

Threads with active compile tasks:

VM state: not at safepoint (normal execution)

VM Mutex/Monitor currently owned by a thread:  ([mutex/lock_event])
[0x0000018d75181060] Metaspace_lock - owner thread: 0x0000018d751861f0

Heap address: 0x0000000741e00000, size: 3042 MB, Compressed Oops mode: Zero based, Oop shift amount: 3

CDS archive(s) mapped at: [0x0000000800000000-0x0000000800bd0000-0x0000000800bd0000), size 12386304, SharedBaseAddress: 0x0000000800000000, ArchiveRelocationMode: 0.
Compressed class space mapped at: 0x0000000800c00000-0x0000000840c00000, reserved size: 1073741824
Narrow klass base: 0x0000000800000000, Narrow klass shift: 0, Narrow klass range: 0x100000000

GC Precious Log:
 CPUs: 8 total, 8 available
 Memory: 12163M
 Large Page Support: Disabled
 NUMA Support: Disabled
 Compressed Oops: Enabled (Zero based)
 Heap Region Size: 2M
 Heap Min Capacity: 8M
 Heap Initial Capacity: 192M
 Heap Max Capacity: 3042M
 Pre-touch: Disabled
 Parallel Workers: 8
 Concurrent Workers: 2
 Concurrent Refinement Workers: 8
 Periodic GC: Disabled

Heap:
 garbage-first heap   total 196608K, used 6240K [0x0000000741e00000, 0x0000000800000000)
  region size 2048K, 4 young (8192K), 2 survivors (4096K)
 Metaspace       used 6923K, committed 7104K, reserved 1056768K
  class space    used 833K, committed 960K, reserved 1048576K

Heap Regions: E=young(eden), S=young(survivor), O=old, HS=humongous(starts), HC=humongous(continues), CS=collection set, F=free, OA=open archive, CA=closed archive, TAMS=top-at-mark-start (previous, next)
|   0|0x0000000741e00000, 0x0000000742000000, 0x0000000742000000|100%| O|  |TAMS 0x0000000741e00000, 0x0000000741e00000| Untracked 
|   1|0x0000000742000000, 0x0000000742018000, 0x0000000742200000|  4%| O|  |TAMS 0x0000000742000000, 0x0000000742000000| Untracked 
|   2|0x0000000742200000, 0x0000000742200000, 0x0000000742400000|  0%| F|  |TAMS 0x0000000742200000, 0x0000000742200000| Untracked 
|   3|0x0000000742400000, 0x0000000742400000, 0x0000000742600000|  0%| F|  |TAMS 0x0000000742400000, 0x0000000742400000| Untracked 
|   4|0x0000000742600000, 0x0000000742600000, 0x0000000742800000|  0%| F|  |TAMS 0x0000000742600000, 0x0000000742600000| Untracked 
|   5|0x0000000742800000, 0x0000000742800000, 0x0000000742a00000|  0%| F|  |TAMS 0x0000000742800000, 0x0000000742800000| Untracked 
|   6|0x0000000742a00000, 0x0000000742a00000, 0x0000000742c00000|  0%| F|  |TAMS 0x0000000742a00000, 0x0000000742a00000| Untracked 
|   7|0x0000000742c00000, 0x0000000742c00000, 0x0000000742e00000|  0%| F|  |TAMS 0x0000000742c00000, 0x0000000742c00000| Untracked 
|   8|0x0000000742e00000, 0x0000000742e00000, 0x0000000743000000|  0%| F|  |TAMS 0x0000000742e00000, 0x0000000742e00000| Untracked 
|   9|0x0000000743000000, 0x0000000743000000, 0x0000000743200000|  0%| F|  |TAMS 0x0000000743000000, 0x0000000743000000| Untracked 
|  10|0x0000000743200000, 0x0000000743200000, 0x0000000743400000|  0%| F|  |TAMS 0x0000000743200000, 0x0000000743200000| Untracked 
|  11|0x0000000743400000, 0x0000000743400000, 0x0000000743600000|  0%| F|  |TAMS 0x0000000743400000, 0x0000000743400000| Untracked 
|  12|0x0000000743600000, 0x0000000743600000, 0x0000000743800000|  0%| F|  |TAMS 0x0000000743600000, 0x0000000743600000| Untracked 
|  13|0x0000000743800000, 0x0000000743800000, 0x0000000743a00000|  0%| F|  |TAMS 0x0000000743800000, 0x0000000743800000| Untracked 
|  14|0x0000000743a00000, 0x0000000743a00000, 0x0000000743c00000|  0%| F|  |TAMS 0x0000000743a00000, 0x0000000743a00000| Untracked 
|  15|0x0000000743c00000, 0x0000000743c00000, 0x0000000743e00000|  0%| F|  |TAMS 0x0000000743c00000, 0x0000000743c00000| Untracked 
|  16|0x0000000743e00000, 0x0000000743e00000, 0x0000000744000000|  0%| F|  |TAMS 0x0000000743e00000, 0x0000000743e00000| Untracked 
|  17|0x0000000744000000, 0x0000000744000000, 0x0000000744200000|  0%| F|  |TAMS 0x0000000744000000, 0x0000000744000000| Untracked 
|  18|0x0000000744200000, 0x0000000744200000, 0x0000000744400000|  0%| F|  |TAMS 0x0000000744200000, 0x0000000744200000| Untracked 
|  19|0x0000000744400000, 0x0000000744400000, 0x0000000744600000|  0%| F|  |TAMS 0x0000000744400000, 0x0000000744400000| Untracked 
|  20|0x0000000744600000, 0x0000000744600000, 0x0000000744800000|  0%| F|  |TAMS 0x0000000744600000, 0x0000000744600000| Untracked 
|  21|0x0000000744800000, 0x0000000744800000, 0x0000000744a00000|  0%| F|  |TAMS 0x0000000744800000, 0x0000000744800000| Untracked 
|  22|0x0000000744a00000, 0x0000000744a00000, 0x0000000744c00000|  0%| F|  |TAMS 0x0000000744a00000, 0x0000000744a00000| Untracked 
|  23|0x0000000744c00000, 0x0000000744c00000, 0x0000000744e00000|  0%| F|  |TAMS 0x0000000744c00000, 0x0000000744c00000| Untracked 
|  24|0x0000000744e00000, 0x0000000744e00000, 0x0000000745000000|  0%| F|  |TAMS 0x0000000744e00000, 0x0000000744e00000| Untracked 
|  25|0x0000000745000000, 0x0000000745000000, 0x0000000745200000|  0%| F|  |TAMS 0x0000000745000000, 0x0000000745000000| Untracked 
|  26|0x0000000745200000, 0x0000000745200000, 0x0000000745400000|  0%| F|  |TAMS 0x0000000745200000, 0x0000000745200000| Untracked 
|  27|0x0000000745400000, 0x0000000745400000, 0x0000000745600000|  0%| F|  |TAMS 0x0000000745400000, 0x0000000745400000| Untracked 
|  28|0x0000000745600000, 0x0000000745600000, 0x0000000745800000|  0%| F|  |TAMS 0x0000000745600000, 0x0000000745600000| Untracked 
|  29|0x0000000745800000, 0x0000000745800000, 0x0000000745a00000|  0%| F|  |TAMS 0x0000000745800000, 0x0000000745800000| Untracked 
|  30|0x0000000745a00000, 0x0000000745a00000, 0x0000000745c00000|  0%| F|  |TAMS 0x0000000745a00000, 0x0000000745a00000| Untracked 
|  31|0x0000000745c00000, 0x0000000745c00000, 0x0000000745e00000|  0%| F|  |TAMS 0x0000000745c00000, 0x0000000745c00000| Untracked 
|  32|0x0000000745e00000, 0x0000000745e00000, 0x0000000746000000|  0%| F|  |TAMS 0x0000000745e00000, 0x0000000745e00000| Untracked 
|  33|0x0000000746000000, 0x0000000746000000, 0x0000000746200000|  0%| F|  |TAMS 0x0000000746000000, 0x0000000746000000| Untracked 
|  34|0x0000000746200000, 0x0000000746200000, 0x0000000746400000|  0%| F|  |TAMS 0x0000000746200000, 0x0000000746200000| Untracked 
|  35|0x0000000746400000, 0x0000000746400000, 0x0000000746600000|  0%| F|  |TAMS 0x0000000746400000, 0x0000000746400000| Untracked 
|  36|0x0000000746600000, 0x0000000746600000, 0x0000000746800000|  0%| F|  |TAMS 0x0000000746600000, 0x0000000746600000| Untracked 
|  37|0x0000000746800000, 0x0000000746800000, 0x0000000746a00000|  0%| F|  |TAMS 0x0000000746800000, 0x0000000746800000| Untracked 
|  38|0x0000000746a00000, 0x0000000746a00000, 0x0000000746c00000|  0%| F|  |TAMS 0x0000000746a00000, 0x0000000746a00000| Untracked 
|  39|0x0000000746c00000, 0x0000000746c00000, 0x0000000746e00000|  0%| F|  |TAMS 0x0000000746c00000, 0x0000000746c00000| Untracked 
|  40|0x0000000746e00000, 0x0000000746e00000, 0x0000000747000000|  0%| F|  |TAMS 0x0000000746e00000, 0x0000000746e00000| Untracked 
|  41|0x0000000747000000, 0x0000000747000000, 0x0000000747200000|  0%| F|  |TAMS 0x0000000747000000, 0x0000000747000000| Untracked 
|  42|0x0000000747200000, 0x0000000747200000, 0x0000000747400000|  0%| F|  |TAMS 0x0000000747200000, 0x0000000747200000| Untracked 
|  43|0x0000000747400000, 0x0000000747400000, 0x0000000747600000|  0%| F|  |TAMS 0x0000000747400000, 0x0000000747400000| Untracked 
|  44|0x0000000747600000, 0x0000000747600000, 0x0000000747800000|  0%| F|  |TAMS 0x0000000747600000, 0x0000000747600000| Untracked 
|  45|0x0000000747800000, 0x0000000747800000, 0x0000000747a00000|  0%| F|  |TAMS 0x0000000747800000, 0x0000000747800000| Untracked 
|  46|0x0000000747a00000, 0x0000000747a00000, 0x0000000747c00000|  0%| F|  |TAMS 0x0000000747a00000, 0x0000000747a00000| Untracked 
|  47|0x0000000747c00000, 0x0000000747c00000, 0x0000000747e00000|  0%| F|  |TAMS 0x0000000747c00000, 0x0000000747c00000| Untracked 
|  48|0x0000000747e00000, 0x0000000747e00000, 0x0000000748000000|  0%| F|  |TAMS 0x0000000747e00000, 0x0000000747e00000| Untracked 
|  49|0x0000000748000000, 0x0000000748000000, 0x0000000748200000|  0%| F|  |TAMS 0x0000000748000000, 0x0000000748000000| Untracked 
|  50|0x0000000748200000, 0x0000000748200000, 0x0000000748400000|  0%| F|  |TAMS 0x0000000748200000, 0x0000000748200000| Untracked 
|  51|0x0000000748400000, 0x0000000748400000, 0x0000000748600000|  0%| F|  |TAMS 0x0000000748400000, 0x0000000748400000| Untracked 
|  52|0x0000000748600000, 0x0000000748600000, 0x0000000748800000|  0%| F|  |TAMS 0x0000000748600000, 0x0000000748600000| Untracked 
|  53|0x0000000748800000, 0x0000000748800000, 0x0000000748a00000|  0%| F|  |TAMS 0x0000000748800000, 0x0000000748800000| Untracked 
|  54|0x0000000748a00000, 0x0000000748a00000, 0x0000000748c00000|  0%| F|  |TAMS 0x0000000748a00000, 0x0000000748a00000| Untracked 
|  55|0x0000000748c00000, 0x0000000748c00000, 0x0000000748e00000|  0%| F|  |TAMS 0x0000000748c00000, 0x0000000748c00000| Untracked 
|  56|0x0000000748e00000, 0x0000000748e00000, 0x0000000749000000|  0%| F|  |TAMS 0x0000000748e00000, 0x0000000748e00000| Untracked 
|  57|0x0000000749000000, 0x0000000749000000, 0x0000000749200000|  0%| F|  |TAMS 0x0000000749000000, 0x0000000749000000| Untracked 
|  58|0x0000000749200000, 0x0000000749200000, 0x0000000749400000|  0%| F|  |TAMS 0x0000000749200000, 0x0000000749200000| Untracked 
|  59|0x0000000749400000, 0x0000000749400000, 0x0000000749600000|  0%| F|  |TAMS 0x0000000749400000, 0x0000000749400000| Untracked 
|  60|0x0000000749600000, 0x0000000749600000, 0x0000000749800000|  0%| F|  |TAMS 0x0000000749600000, 0x0000000749600000| Untracked 
|  61|0x0000000749800000, 0x0000000749800000, 0x0000000749a00000|  0%| F|  |TAMS 0x0000000749800000, 0x0000000749800000| Untracked 
|  62|0x0000000749a00000, 0x0000000749a00000, 0x0000000749c00000|  0%| F|  |TAMS 0x0000000749a00000, 0x0000000749a00000| Untracked 
|  63|0x0000000749c00000, 0x0000000749c00000, 0x0000000749e00000|  0%| F|  |TAMS 0x0000000749c00000, 0x0000000749c00000| Untracked 
|  64|0x0000000749e00000, 0x0000000749e00000, 0x000000074a000000|  0%| F|  |TAMS 0x0000000749e00000, 0x0000000749e00000| Untracked 
|  65|0x000000074a000000, 0x000000074a000000, 0x000000074a200000|  0%| F|  |TAMS 0x000000074a000000, 0x000000074a000000| Untracked 
|  66|0x000000074a200000, 0x000000074a200000, 0x000000074a400000|  0%| F|  |TAMS 0x000000074a200000, 0x000000074a200000| Untracked 
|  67|0x000000074a400000, 0x000000074a400000, 0x000000074a600000|  0%| F|  |TAMS 0x000000074a400000, 0x000000074a400000| Untracked 
|  68|0x000000074a600000, 0x000000074a600000, 0x000000074a800000|  0%| F|  |TAMS 0x000000074a600000, 0x000000074a600000| Untracked 
|  69|0x000000074a800000, 0x000000074a800000, 0x000000074aa00000|  0%| F|  |TAMS 0x000000074a800000, 0x000000074a800000| Untracked 
|  70|0x000000074aa00000, 0x000000074aa00000, 0x000000074ac00000|  0%| F|  |TAMS 0x000000074aa00000, 0x000000074aa00000| Untracked 
|  71|0x000000074ac00000, 0x000000074ac00000, 0x000000074ae00000|  0%| F|  |TAMS 0x000000074ac00000, 0x000000074ac00000| Untracked 
|  72|0x000000074ae00000, 0x000000074ae00000, 0x000000074b000000|  0%| F|  |TAMS 0x000000074ae00000, 0x000000074ae00000| Untracked 
|  73|0x000000074b000000, 0x000000074b000000, 0x000000074b200000|  0%| F|  |TAMS 0x000000074b000000, 0x000000074b000000| Untracked 
|  74|0x000000074b200000, 0x000000074b200000, 0x000000074b400000|  0%| F|  |TAMS 0x000000074b200000, 0x000000074b200000| Untracked 
|  75|0x000000074b400000, 0x000000074b400000, 0x000000074b600000|  0%| F|  |TAMS 0x000000074b400000, 0x000000074b400000| Untracked 
|  76|0x000000074b600000, 0x000000074b600000, 0x000000074b800000|  0%| F|  |TAMS 0x000000074b600000, 0x000000074b600000| Untracked 
|  77|0x000000074b800000, 0x000000074b800000, 0x000000074ba00000|  0%| F|  |TAMS 0x000000074b800000, 0x000000074b800000| Untracked 
|  78|0x000000074ba00000, 0x000000074ba00000, 0x000000074bc00000|  0%| F|  |TAMS 0x000000074ba00000, 0x000000074ba00000| Untracked 
|  79|0x000000074bc00000, 0x000000074bc00000, 0x000000074be00000|  0%| F|  |TAMS 0x000000074bc00000, 0x000000074bc00000| Untracked 
|  80|0x000000074be00000, 0x000000074be00000, 0x000000074c000000|  0%| F|  |TAMS 0x000000074be00000, 0x000000074be00000| Untracked 
|  81|0x000000074c000000, 0x000000074c000000, 0x000000074c200000|  0%| F|  |TAMS 0x000000074c000000, 0x000000074c000000| Untracked 
|  82|0x000000074c200000, 0x000000074c200000, 0x000000074c400000|  0%| F|  |TAMS 0x000000074c200000, 0x000000074c200000| Untracked 
|  83|0x000000074c400000, 0x000000074c600000, 0x000000074c600000|100%| S|CS|TAMS 0x000000074c400000, 0x000000074c400000| Complete 
|  84|0x000000074c600000, 0x000000074c800000, 0x000000074c800000|100%| S|CS|TAMS 0x000000074c600000, 0x000000074c600000| Complete 
|  85|0x000000074c800000, 0x000000074c800000, 0x000000074ca00000|  0%| F|  |TAMS 0x000000074c800000, 0x000000074c800000| Untracked 
|  86|0x000000074ca00000, 0x000000074ca00000, 0x000000074cc00000|  0%| F|  |TAMS 0x000000074ca00000, 0x000000074ca00000| Untracked 
|  87|0x000000074cc00000, 0x000000074cc00000, 0x000000074ce00000|  0%| F|  |TAMS 0x000000074cc00000, 0x000000074cc00000| Untracked 
|  88|0x000000074ce00000, 0x000000074ce00000, 0x000000074d000000|  0%| F|  |TAMS 0x000000074ce00000, 0x000000074ce00000| Untracked 
|  89|0x000000074d000000, 0x000000074d000000, 0x000000074d200000|  0%| F|  |TAMS 0x000000074d000000, 0x000000074d000000| Untracked 
|  90|0x000000074d200000, 0x000000074d200000, 0x000000074d400000|  0%| F|  |TAMS 0x000000074d200000, 0x000000074d200000| Untracked 
|  91|0x000000074d400000, 0x000000074d400000, 0x000000074d600000|  0%| F|  |TAMS 0x000000074d400000, 0x000000074d400000| Untracked 
|  92|0x000000074d600000, 0x000000074d600000, 0x000000074d800000|  0%| F|  |TAMS 0x000000074d600000, 0x000000074d600000| Untracked 
|  93|0x000000074d800000, 0x000000074d800000, 0x000000074da00000|  0%| F|  |TAMS 0x000000074d800000, 0x000000074d800000| Untracked 
|  94|0x000000074da00000, 0x000000074db7b948, 0x000000074dc00000| 74%| E|  |TAMS 0x000000074da00000, 0x000000074da00000| Complete 
|  95|0x000000074dc00000, 0x000000074de00000, 0x000000074de00000|100%| E|  |TAMS 0x000000074dc00000, 0x000000074dc00000| Complete 

Card table byte_map: [0x0000018d7d330000,0x0000018d7d930000] _byte_map_base: 0x0000018d79921000

Marking Bits (Prev, Next): (CMBitMap*) 0x0000018d751df9d0, (CMBitMap*) 0x0000018d751dfa10
 Prev Bits: [0x0000018d0f000000, 0x0000018d11f88000)
 Next Bits: [0x0000018d11f90000, 0x0000018d14f18000)

Polling page: 0x0000018d730c0000

Metaspace:

Usage:
  Non-class:      5.95 MB used.
      Class:    833.16 KB used.
       Both:      6.76 MB used.

Virtual space:
  Non-class space:        8.00 MB reserved,       6.00 MB ( 75%) committed,  1 nodes.
      Class space:        1.00 GB reserved,     960.00 KB ( <1%) committed,  1 nodes.
             Both:        1.01 GB reserved,       6.94 MB ( <1%) committed. 

Chunk freelists:
   Non-Class:  1.05 MB
       Class:  2.97 MB
        Both:  4.02 MB

MaxMetaspaceSize: unlimited
CompressedClassSpaceSize: 1.00 GB
Initial GC threshold: 21.00 MB
Current GC threshold: 21.00 MB
CDS: on
MetaspaceReclaimPolicy: balanced
 - commit_granule_bytes: 65536.
 - commit_granule_words: 8192.
 - virtual_space_node_default_size: 1048576.
 - enlarge_chunks_in_place: 1.
 - new_chunks_are_fully_committed: 0.
 - uncommit_free_chunks: 1.
 - use_allocation_guard: 0.
 - handle_deallocations: 1.


Internal statistics:

num_allocs_failed_limit: 0.
num_arena_births: 124.
num_arena_deaths: 0.
num_vsnodes_births: 2.
num_vsnodes_deaths: 0.
num_space_committed: 111.
num_space_uncommitted: 0.
num_chunks_returned_to_freelist: 0.
num_chunks_taken_from_freelist: 304.
num_chunk_merges: 0.
num_chunk_splits: 194.
num_chunks_enlarged: 134.
num_purges: 0.
num_inconsistent_stats: 0.

CodeHeap 'non-profiled nmethods': size=120000Kb used=457Kb max_used=457Kb free=119543Kb
 bounds [0x0000018d07ad0000, 0x0000018d07d40000, 0x0000018d0f000000]
CodeHeap 'profiled nmethods': size=120000Kb used=2424Kb max_used=2424Kb free=117575Kb
 bounds [0x0000018d00000000, 0x0000018d00270000, 0x0000018d07530000]
CodeHeap 'non-nmethods': size=5760Kb used=1514Kb max_used=1527Kb free=4245Kb
 bounds [0x0000018d07530000, 0x0000018d077a0000, 0x0000018d07ad0000]
 total_blobs=1849 nmethods=1288 adapters=474
 compilation: enabled
              stopped_count=0, restarted_count=0
 full_count=0

Compilation events (20 events):
Event: 3.067 Thread 0x0000018d1595b240 nmethod 1279 0x0000018d00257f90 code [0x0000018d00258140, 0x0000018d002583b8]
Event: 3.067 Thread 0x0000018d1595b240 1280       3       java.lang.invoke.InvokerBytecodeGenerator::emitImplicitConversion (161 bytes)
Event: 3.070 Thread 0x0000018d1595b240 nmethod 1280 0x0000018d00258490 code [0x0000018d002587a0, 0x0000018d00259638]
Event: 3.073 Thread 0x0000018d1595b240 1281       1       java.lang.ClassValue$ClassValueMap::getCache (5 bytes)
Event: 3.073 Thread 0x0000018d1595b240 nmethod 1281 0x0000018d07b3f310 code [0x0000018d07b3f4a0, 0x0000018d07b3f578]
Event: 3.089 Thread 0x0000018d1595b240 1282       3       java.lang.invoke.MemberName::<init> (139 bytes)
Event: 3.092 Thread 0x0000018d1595b240 nmethod 1282 0x0000018d00259b10 code [0x0000018d00259e40, 0x0000018d0025b098]
Event: 3.092 Thread 0x0000018d1595b240 1283       3       java.lang.invoke.TypeConvertingMethodAdapter::<init> (8 bytes)
Event: 3.092 Thread 0x0000018d1595b240 nmethod 1283 0x0000018d0025b610 code [0x0000018d0025b7a0, 0x0000018d0025b8e8]
Event: 3.092 Thread 0x0000018d1595b240 1284       3       jdk.internal.org.objectweb.asm.MethodVisitor::visitCode (15 bytes)
Event: 3.093 Thread 0x0000018d1595b240 nmethod 1284 0x0000018d0025b990 code [0x0000018d0025bb40, 0x0000018d0025bd48]
Event: 3.101 Thread 0x0000018d1595a3a0 nmethod 1236 0x0000018d07b3f610 code [0x0000018d07b3f9a0, 0x0000018d07b41078]
Event: 3.130 Thread 0x0000018d1595b240 1285       3       java.util.ImmutableCollections$ListN::size (6 bytes)
Event: 3.131 Thread 0x0000018d1595b240 nmethod 1285 0x0000018d0025be10 code [0x0000018d0025bfa0, 0x0000018d0025c0b8]
Event: 3.167 Thread 0x0000018d1595b240 1286       3       java.lang.StringConcatHelper::simpleConcat (94 bytes)
Event: 3.170 Thread 0x0000018d1595b240 nmethod 1286 0x0000018d0025c190 code [0x0000018d0025c4c0, 0x0000018d0025d8f8]
Event: 3.170 Thread 0x0000018d1595b240 1287       3       java.lang.StringConcatHelper::initialCoder (14 bytes)
Event: 3.171 Thread 0x0000018d1595b240 nmethod 1287 0x0000018d0025e010 code [0x0000018d0025e1a0, 0x0000018d0025e2b8]
Event: 3.180 Thread 0x0000018d1595a3a0 1288       4       java.lang.CharacterDataLatin1::toUpperCase (53 bytes)
Event: 3.181 Thread 0x0000018d1595a3a0 nmethod 1288 0x0000018d07b42090 code [0x0000018d07b42200, 0x0000018d07b42318]

GC Heap History (2 events):
Event: 2.973 GC heap before
{Heap before GC invocations=0 (full 0):
 garbage-first heap   total 196608K, used 22528K [0x0000000741e00000, 0x0000000800000000)
  region size 2048K, 11 young (22528K), 0 survivors (0K)
 Metaspace       used 6045K, committed 6272K, reserved 1056768K
  class space    used 772K, committed 896K, reserved 1048576K
}
Event: 2.987 GC heap after
{Heap after GC invocations=1 (full 0):
 garbage-first heap   total 196608K, used 6240K [0x0000000741e00000, 0x0000000800000000)
  region size 2048K, 2 young (4096K), 2 survivors (4096K)
 Metaspace       used 6045K, committed 6272K, reserved 1056768K
  class space    used 772K, committed 896K, reserved 1048576K
}

Deoptimization events (20 events):
Event: 2.990 Thread 0x0000018d751861f0 Uncommon trap: trap_request=0xffffff45 fr.pc=0x0000018d07b362e4 relative=0x00000000000001e4
Event: 2.990 Thread 0x0000018d751861f0 Uncommon trap: reason=unstable_if action=reinterpret pc=0x0000018d07b362e4 method=java.io.BufferedInputStream.read()I @ 8 c2
Event: 2.990 Thread 0x0000018d751861f0 DEOPT PACKING pc=0x0000018d07b362e4 sp=0x00000081d94fba10
Event: 2.990 Thread 0x0000018d751861f0 DEOPT UNPACKING pc=0x0000018d075823a3 sp=0x00000081d94fb9c0 mode 2
Event: 3.038 Thread 0x0000018d751861f0 Uncommon trap: trap_request=0xffffffde fr.pc=0x0000018d07b0c438 relative=0x0000000000000478
Event: 3.038 Thread 0x0000018d751861f0 Uncommon trap: reason=class_check action=maybe_recompile pc=0x0000018d07b0c438 method=java.util.HashMap.getNode(Ljava/lang/Object;)Ljava/util/HashMap$Node; @ 128 c2
Event: 3.038 Thread 0x0000018d751861f0 DEOPT PACKING pc=0x0000018d07b0c438 sp=0x00000081d94fb4c0
Event: 3.038 Thread 0x0000018d751861f0 DEOPT UNPACKING pc=0x0000018d075823a3 sp=0x00000081d94fb438 mode 2
Event: 3.040 Thread 0x0000018d751861f0 Uncommon trap: trap_request=0xffffffde fr.pc=0x0000018d07b0c438 relative=0x0000000000000478
Event: 3.040 Thread 0x0000018d751861f0 Uncommon trap: reason=class_check action=maybe_recompile pc=0x0000018d07b0c438 method=java.util.HashMap.getNode(Ljava/lang/Object;)Ljava/util/HashMap$Node; @ 128 c2
Event: 3.040 Thread 0x0000018d751861f0 DEOPT PACKING pc=0x0000018d07b0c438 sp=0x00000081d94fb4c0
Event: 3.040 Thread 0x0000018d751861f0 DEOPT UNPACKING pc=0x0000018d075823a3 sp=0x00000081d94fb438 mode 2
Event: 3.040 Thread 0x0000018d751861f0 Uncommon trap: trap_request=0xffffffde fr.pc=0x0000018d07b0c438 relative=0x0000000000000478
Event: 3.040 Thread 0x0000018d751861f0 Uncommon trap: reason=class_check action=maybe_recompile pc=0x0000018d07b0c438 method=java.util.HashMap.getNode(Ljava/lang/Object;)Ljava/util/HashMap$Node; @ 128 c2
Event: 3.040 Thread 0x0000018d751861f0 DEOPT PACKING pc=0x0000018d07b0c438 sp=0x00000081d94fb4c0
Event: 3.040 Thread 0x0000018d751861f0 DEOPT UNPACKING pc=0x0000018d075823a3 sp=0x00000081d94fb438 mode 2
Event: 3.040 Thread 0x0000018d751861f0 Uncommon trap: trap_request=0xffffffde fr.pc=0x0000018d07b0c438 relative=0x0000000000000478
Event: 3.040 Thread 0x0000018d751861f0 Uncommon trap: reason=class_check action=maybe_recompile pc=0x0000018d07b0c438 method=java.util.HashMap.getNode(Ljava/lang/Object;)Ljava/util/HashMap$Node; @ 128 c2
Event: 3.040 Thread 0x0000018d751861f0 DEOPT PACKING pc=0x0000018d07b0c438 sp=0x00000081d94fb4c0
Event: 3.040 Thread 0x0000018d751861f0 DEOPT UNPACKING pc=0x0000018d075823a3 sp=0x00000081d94fb438 mode 2

Classes unloaded (0 events):
No events

Classes redefined (0 events):
No events

Internal exceptions (20 events):
Event: 1.786 Thread 0x0000018d751861f0 Exception <a 'java/lang/NoSuchMethodError'{0x000000074d359d58}: 'java.lang.Object java.lang.invoke.DirectMethodHandle$Holder.newInvokeSpecial(java.lang.Object, java.lang.Object, java.lang.Object, java.lang.Object, java.lang.Object, java.lang.Object, java.lang.Object)'> (0x000000074d359d58) 
thrown [s\open\src\hotspot\share\interpreter\linkResolver.cpp, line 759]
Event: 1.786 Thread 0x0000018d751861f0 Exception <a 'java/lang/NoSuchMethodError'{0x000000074d35e2e0}: 'java.lang.Object java.lang.invoke.Invokers$Holder.linkToTargetMethod(java.lang.Object, java.lang.Object, java.lang.Object, java.lang.Object, java.lang.Object, java.lang.Object, java.lang.Object)'> (0x000000074d35e2e0) 
thrown [s\open\src\hotspot\share\interpreter\linkResolver.cpp, line 759]
Event: 1.792 Thread 0x0000018d751861f0 Exception <a 'java/lang/NoSuchMethodError'{0x000000074d365f00}: 'java.lang.Object java.lang.invoke.DirectMethodHandle$Holder.invokeSpecialIFC(java.lang.Object, java.lang.Object, java.lang.Object, java.lang.Object, java.lang.Object)'> (0x000000074d365f00) 
thrown [s\open\src\hotspot\share\interpreter\linkResolver.cpp, line 759]
Event: 1.961 Thread 0x0000018d751861f0 Exception <a 'java/lang/NoSuchMethodError'{0x000000074d151178}: 'java.lang.Object java.lang.invoke.DirectMethodHandle$Holder.invokeStaticInit(java.lang.Object, int, int, int, int)'> (0x000000074d151178) 
thrown [s\open\src\hotspot\share\interpreter\linkResolver.cpp, line 759]
Event: 2.107 Thread 0x0000018d751861f0 Exception <a 'java/lang/NoSuchMethodError'{0x000000074d190d10}: 'java.lang.Object java.lang.invoke.DirectMethodHandle$Holder.invokeStaticInit(java.lang.Object, java.lang.Object, int, int, int, int)'> (0x000000074d190d10) 
thrown [s\open\src\hotspot\share\interpreter\linkResolver.cpp, line 759]
Event: 2.184 Thread 0x0000018d751861f0 Exception <a 'java/lang/NoSuchMethodError'{0x000000074ce52820}: 'int java.lang.invoke.DirectMethodHandle$Holder.invokeSpecial(java.lang.Object, java.lang.Object, java.lang.Object)'> (0x000000074ce52820) 
thrown [s\open\src\hotspot\share\interpreter\linkResolver.cpp, line 759]
Event: 2.281 Thread 0x0000018d751861f0 Exception <a 'java/lang/NoSuchMethodError'{0x000000074cf60d58}: 'int java.lang.invoke.DirectMethodHandle$Holder.invokeVirtual(java.lang.Object, java.lang.Object)'> (0x000000074cf60d58) 
thrown [s\open\src\hotspot\share\interpreter\linkResolver.cpp, line 759]
Event: 2.302 Thread 0x0000018d751861f0 Exception <a 'java/lang/IncompatibleClassChangeError'{0x000000074cf94bd0}: Found class java.lang.Object, but interface was expected> (0x000000074cf94bd0) 
thrown [s\open\src\hotspot\share\interpreter\linkResolver.cpp, line 826]
Event: 2.333 Thread 0x0000018d751861f0 Exception <a 'java/lang/NoSuchMethodError'{0x000000074cfd1b70}: 'java.lang.Object java.lang.invoke.DirectMethodHandle$Holder.newInvokeSpecial(java.lang.Object, java.lang.Object, java.lang.Object, java.lang.Object, java.lang.Object)'> (0x000000074cfd1b70) 
thrown [s\open\src\hotspot\share\interpreter\linkResolver.cpp, line 759]
Event: 2.335 Thread 0x0000018d751861f0 Exception <a 'sun/nio/fs/WindowsException'{0x000000074cfd5d38}> (0x000000074cfd5d38) 
thrown [s\open\src\hotspot\share\prims\jni.cpp, line 516]
Event: 2.348 Thread 0x0000018d751861f0 Exception <a 'java/lang/NoSuchMethodError'{0x000000074cfe8280}: 'void java.lang.invoke.DirectMethodHandle$Holder.invokeSpecial(java.lang.Object, java.lang.Object, java.lang.Object, java.lang.Object, java.lang.Object)'> (0x000000074cfe8280) 
thrown [s\open\src\hotspot\share\interpreter\linkResolver.cpp, line 759]
Event: 2.605 Thread 0x0000018d751861f0 Exception <a 'java/lang/NoSuchMethodError'{0x000000074cabc5d8}: 'java.lang.Object java.lang.invoke.DirectMethodHandle$Holder.invokeStaticInit(java.lang.Object, java.lang.Object, java.lang.Object, int)'> (0x000000074cabc5d8) 
thrown [s\open\src\hotspot\share\interpreter\linkResolver.cpp, line 759]
Event: 2.612 Thread 0x0000018d751861f0 Exception <a 'java/lang/NoSuchMethodError'{0x000000074cacbe80}: 'java.lang.Object java.lang.invoke.DirectMethodHandle$Holder.invokeStatic(java.lang.Object, java.lang.Object, java.lang.Object, java.lang.Object, java.lang.Object, java.lang.Object, java.lang.Object, int)'> (0x000000074cacbe80) 
thrown [s\open\src\hotspot\share\interpreter\linkResolver.cpp, line 759]
Event: 2.613 Thread 0x0000018d751861f0 Exception <a 'java/lang/NoSuchMethodError'{0x000000074cad09f8}: 'java.lang.Object java.lang.invoke.DirectMethodHandle$Holder.invokeStaticInit(java.lang.Object, java.lang.Object, java.lang.Object, java.lang.Object, java.lang.Object, java.lang.Object, java.lang.Object, int)'> (0x000000074cad09f8) 
thrown [s\open\src\hotspot\share\interpreter\linkResolver.cpp, line 759]
Event: 2.660 Thread 0x0000018d751861f0 Exception <a 'java/lang/NoSuchMethodError'{0x000000074cb22270}: 'java.lang.Object java.lang.invoke.DirectMethodHandle$Holder.invokeSpecial(java.lang.Object, java.lang.Object, java.lang.Object, int, java.lang.Object)'> (0x000000074cb22270) 
thrown [s\open\src\hotspot\share\interpreter\linkResolver.cpp, line 759]
Event: 2.662 Thread 0x0000018d751861f0 Exception <a 'java/lang/NoSuchMethodError'{0x000000074cb29b08}: 'java.lang.Object java.lang.invoke.DirectMethodHandle$Holder.newInvokeSpecial(java.lang.Object, java.lang.Object, java.lang.Object, int)'> (0x000000074cb29b08) 
thrown [s\open\src\hotspot\share\interpreter\linkResolver.cpp, line 759]
Event: 2.663 Thread 0x0000018d751861f0 Exception <a 'java/lang/NoSuchMethodError'{0x000000074cb2dd08}: 'java.lang.Object java.lang.invoke.DirectMethodHandle$Holder.invokeSpecial(java.lang.Object, java.lang.Object, java.lang.Object, java.lang.Object, int)'> (0x000000074cb2dd08) 
thrown [s\open\src\hotspot\share\interpreter\linkResolver.cpp, line 759]
Event: 2.664 Thread 0x0000018d751861f0 Exception <a 'java/lang/NoSuchMethodError'{0x000000074cb318d0}: 'java.lang.Object java.lang.invoke.Invokers$Holder.linkToTargetMethod(java.lang.Object, java.lang.Object, int, java.lang.Object)'> (0x000000074cb318d0) 
thrown [s\open\src\hotspot\share\interpreter\linkResolver.cpp, line 759]
Event: 3.057 Thread 0x0000018d751861f0 Exception <a 'java/lang/NoSuchMethodError'{0x000000074dcd6af0}: 'java.lang.Object java.lang.invoke.DirectMethodHandle$Holder.invokeStatic(java.lang.Object, java.lang.Object, int)'> (0x000000074dcd6af0) 
thrown [s\open\src\hotspot\share\interpreter\linkResolver.cpp, line 759]
Event: 3.061 Thread 0x0000018d751861f0 Exception <a 'java/lang/NoSuchMethodError'{0x000000074dce2538}: 'void java.lang.invoke.DelegatingMethodHandle$Holder.delegate(java.lang.Object, java.lang.Object, int, java.lang.Object)'> (0x000000074dce2538) 
thrown [s\open\src\hotspot\share\interpreter\linkResolver.cpp, line 759]

VM Operations (20 events):
Event: 0.408 Executing VM operation: HandshakeAllThreads
Event: 0.408 Executing VM operation: HandshakeAllThreads done
Event: 1.180 Executing VM operation: HandshakeAllThreads
Event: 1.181 Executing VM operation: HandshakeAllThreads done
Event: 1.181 Executing VM operation: Cleanup
Event: 1.181 Executing VM operation: Cleanup done
Event: 1.376 Executing VM operation: HandshakeAllThreads
Event: 1.376 Executing VM operation: HandshakeAllThreads done
Event: 1.448 Executing VM operation: HandshakeAllThreads
Event: 1.448 Executing VM operation: HandshakeAllThreads done
Event: 1.923 Executing VM operation: HandshakeAllThreads
Event: 1.923 Executing VM operation: HandshakeAllThreads done
Event: 2.326 Executing VM operation: HandshakeAllThreads
Event: 2.326 Executing VM operation: HandshakeAllThreads done
Event: 2.326 Executing VM operation: Cleanup
Event: 2.327 Executing VM operation: Cleanup done
Event: 2.843 Executing VM operation: HandshakeAllThreads
Event: 2.843 Executing VM operation: HandshakeAllThreads done
Event: 2.973 Executing VM operation: G1CollectForAllocation
Event: 2.988 Executing VM operation: G1CollectForAllocation done

Events (20 events):
Event: 2.950 loading class java/io/DataOutputStream done
Event: 2.951 loading class java/net/ServerSocket
Event: 2.952 loading class java/net/ServerSocket done
Event: 2.952 loading class java/util/stream/DoubleStream
Event: 2.953 loading class java/util/stream/DoubleStream done
Event: 2.953 loading class java/util/stream/LongStream
Event: 2.954 loading class java/util/stream/LongStream done
Event: 2.954 loading class java/util/OptionalDouble
Event: 2.955 loading class java/util/OptionalDouble done
Event: 2.955 loading class java/util/OptionalLong
Event: 2.955 loading class java/util/OptionalLong done
Event: 3.026 loading class java/security/AccessControlException
Event: 3.027 loading class java/security/AccessControlException done
Event: 3.039 loading class java/util/function/UnaryOperator
Event: 3.039 loading class java/util/function/UnaryOperator done
Event: 3.072 loading class java/util/LinkedList$ListItr
Event: 3.072 loading class java/util/LinkedList$ListItr done
Event: 3.095 loading class java/math/MathContext
Event: 3.096 loading class java/math/MathContext done
Event: 3.167 Thread 0x0000018d16cbc7e0 Thread exited: 0x0000018d16cbc7e0


Dynamic libraries:
0x00007ff6590a0000 - 0x00007ff6590b0000 	C:\Program Files\Java\jdk-17\bin\java.exe
0x00007ff8f96d0000 - 0x00007ff8f98e7000 	C:\WINDOWS\SYSTEM32\ntdll.dll
0x00007ff8f8360000 - 0x00007ff8f8424000 	C:\WINDOWS\System32\KERNEL32.DLL
0x00007ff8f6ed0000 - 0x00007ff8f7276000 	C:\WINDOWS\System32\KERNELBASE.dll
0x00007ff8f7280000 - 0x00007ff8f7391000 	C:\WINDOWS\System32\ucrtbase.dll
0x00007ff8e1580000 - 0x00007ff8e159b000 	C:\Program Files\Java\jdk-17\bin\VCRUNTIME140.dll
0x00007ff8e9da0000 - 0x00007ff8e9db8000 	C:\Program Files\Java\jdk-17\bin\jli.dll
0x00007ff8f8c40000 - 0x00007ff8f8cf1000 	C:\WINDOWS\System32\ADVAPI32.dll
0x00007ff8f85a0000 - 0x00007ff8f8647000 	C:\WINDOWS\System32\msvcrt.dll
0x00007ff8f8d00000 - 0x00007ff8f8da6000 	C:\WINDOWS\System32\sechost.dll
0x00007ff8f8900000 - 0x00007ff8f8a17000 	C:\WINDOWS\System32\RPCRT4.dll
0x00007ff8f7a10000 - 0x00007ff8f7bbd000 	C:\WINDOWS\System32\USER32.dll
0x00007ff8f6b50000 - 0x00007ff8f6b76000 	C:\WINDOWS\System32\win32u.dll
0x00007ff8f88d0000 - 0x00007ff8f88f9000 	C:\WINDOWS\System32\GDI32.dll
0x00007ff8c7f40000 - 0x00007ff8c81d3000 	C:\WINDOWS\WinSxS\amd64_microsoft.windows.common-controls_6595b64144ccf1df_6.0.23606.1000_none_f2311c6d8f48a7ce\COMCTL32.dll
0x00007ff8f6db0000 - 0x00007ff8f6ec9000 	C:\WINDOWS\System32\gdi32full.dll
0x00007ff8f6a40000 - 0x00007ff8f6ada000 	C:\WINDOWS\System32\msvcp_win.dll
0x00007ff8eb110000 - 0x00007ff8eb11a000 	C:\WINDOWS\SYSTEM32\VERSION.dll
0x00007ff8f7880000 - 0x00007ff8f78b1000 	C:\WINDOWS\System32\IMM32.DLL
0x00007ff8f3f70000 - 0x00007ff8f3f7c000 	C:\Program Files\Java\jdk-17\bin\vcruntime140_1.dll
0x00007ff8d9310000 - 0x00007ff8d939e000 	C:\Program Files\Java\jdk-17\bin\msvcp140.dll
0x00007ff875610000 - 0x00007ff8761e7000 	C:\Program Files\Java\jdk-17\bin\server\jvm.dll
0x00007ff8f8350000 - 0x00007ff8f8358000 	C:\WINDOWS\System32\PSAPI.DLL
0x00007ff8c4e10000 - 0x00007ff8c4e19000 	C:\WINDOWS\SYSTEM32\WSOCK32.dll
0x00007ff8e9bf0000 - 0x00007ff8e9c24000 	C:\WINDOWS\SYSTEM32\WINMM.dll
0x00007ff8f9610000 - 0x00007ff8f9681000 	C:\WINDOWS\System32\WS2_32.dll
0x00007ff8f59a0000 - 0x00007ff8f59b8000 	C:\WINDOWS\SYSTEM32\kernel.appcore.dll
0x00007ff8ea600000 - 0x00007ff8ea60a000 	C:\Program Files\Java\jdk-17\bin\jimage.dll
0x00007ff8ebd90000 - 0x00007ff8ebfc3000 	C:\WINDOWS\SYSTEM32\DBGHELP.DLL
0x00007ff8f7480000 - 0x00007ff8f7809000 	C:\WINDOWS\System32\combase.dll
0x00007ff8f8430000 - 0x00007ff8f8507000 	C:\WINDOWS\System32\OLEAUT32.dll
0x00007ff8ebd50000 - 0x00007ff8ebd82000 	C:\WINDOWS\SYSTEM32\dbgcore.DLL
0x00007ff8f73a0000 - 0x00007ff8f741a000 	C:\WINDOWS\System32\bcryptPrimitives.dll
0x00007ff8ea7f0000 - 0x00007ff8ea7fe000 	C:\Program Files\Java\jdk-17\bin\instrument.dll
0x00007ff8e5170000 - 0x00007ff8e5195000 	C:\Program Files\Java\jdk-17\bin\java.dll
0x00007ff8d9230000 - 0x00007ff8d9307000 	C:\Program Files\Java\jdk-17\bin\jsvml.dll
0x00007ff8f8db0000 - 0x00007ff8f9607000 	C:\WINDOWS\System32\SHELL32.dll
0x00007ff8f4900000 - 0x00007ff8f520f000 	C:\WINDOWS\SYSTEM32\windows.storage.dll
0x00007ff8f47c0000 - 0x00007ff8f48fe000 	C:\WINDOWS\SYSTEM32\wintypes.dll
0x00007ff8f8250000 - 0x00007ff8f8343000 	C:\WINDOWS\System32\SHCORE.dll
0x00007ff8f7420000 - 0x00007ff8f747e000 	C:\WINDOWS\System32\shlwapi.dll
0x00007ff8f6970000 - 0x00007ff8f6996000 	C:\WINDOWS\SYSTEM32\profapi.dll
0x00007ff8ea4c0000 - 0x00007ff8ea4d8000 	C:\Program Files\Java\jdk-17\bin\zip.dll
0x00007ff8e1400000 - 0x00007ff8e1419000 	C:\Program Files\Java\jdk-17\bin\net.dll
0x00007ff8eafd0000 - 0x00007ff8eb107000 	C:\WINDOWS\SYSTEM32\WINHTTP.dll
0x00007ff8f5e80000 - 0x00007ff8f5ee9000 	C:\WINDOWS\system32\mswsock.dll
0x00007ff8deb70000 - 0x00007ff8deb86000 	C:\Program Files\Java\jdk-17\bin\nio.dll
0x00007ff8e15e0000 - 0x00007ff8e15fa000 	C:\Program Files\JetBrains\IntelliJ IDEA 2023.2.3\bin\breakgen64.dll
0x00007ff8f60a0000 - 0x00007ff8f60bb000 	C:\WINDOWS\SYSTEM32\CRYPTSP.dll
0x00007ff8f5960000 - 0x00007ff8f5995000 	C:\WINDOWS\system32\rsaenh.dll
0x00007ff8f5f40000 - 0x00007ff8f5f6c000 	C:\WINDOWS\SYSTEM32\USERENV.dll
0x00007ff8f6300000 - 0x00007ff8f6328000 	C:\WINDOWS\SYSTEM32\bcrypt.dll
0x00007ff8f60c0000 - 0x00007ff8f60cc000 	C:\WINDOWS\SYSTEM32\CRYPTBASE.dll
0x00007ff8f5460000 - 0x00007ff8f548d000 	C:\WINDOWS\SYSTEM32\IPHLPAPI.DLL
0x00007ff8f88c0000 - 0x00007ff8f88c9000 	C:\WINDOWS\System32\NSI.dll
0x00007ff8e9ad0000 - 0x00007ff8e9ae9000 	C:\WINDOWS\SYSTEM32\dhcpcsvc6.DLL
0x00007ff8e9ab0000 - 0x00007ff8e9acf000 	C:\WINDOWS\SYSTEM32\dhcpcsvc.DLL
0x00007ff8f5490000 - 0x00007ff8f5589000 	C:\WINDOWS\SYSTEM32\DNSAPI.dll
0x00007ff8e16d0000 - 0x00007ff8e16e0000 	C:\Program Files\Java\jdk-17\bin\verify.dll

dbghelp: loaded successfully - version: 4.0.5 - missing functions: none
symbol engine: initialized successfully - sym options: 0x614 - pdb path: .;C:\Program Files\Java\jdk-17\bin;C:\WINDOWS\SYSTEM32;C:\WINDOWS\WinSxS\amd64_microsoft.windows.common-controls_6595b64144ccf1df_6.0.23606.1000_none_f2311c6d8f48a7ce;C:\Program Files\Java\jdk-17\bin\server;C:\Program Files\JetBrains\IntelliJ IDEA 2023.2.3\bin

VM Arguments:
jvm_args: -Dorg.jetbrains.run.directory=C:\Users\renar\Documents\Development\crud-Ecommerce-App-test\src\test\resources\features -javaagent:C:\Program Files\JetBrains\IntelliJ IDEA 2023.2.3\lib\idea_rt.jar=50027:C:\Program Files\JetBrains\IntelliJ IDEA 2023.2.3\bin -Dfile.encoding=UTF-8 
java_command: io.cucumber.core.cli.Main --plugin org.jetbrains.plugins.cucumber.java.run.CucumberJvm5SMFormatter --glue br.ada.ecommerce.test.customer C:/Users/renar/Documents/Development/crud-Ecommerce-App-test/src/test/resources/features/customer_register.feature
java_class_path (initial): C:\Users\renar\Documents\Development\crud-Ecommerce-App-test\target\test-classes;C:\Users\renar\Documents\Development\crud-Ecommerce-App-test\target\classes;C:\Users\renar\.m2\repository\io\cucumber\cucumber-core\7.11.2\cucumber-core-7.11.2.jar;C:\Users\renar\.m2\repository\io\cucumber\cucumber-gherkin\7.11.2\cucumber-gherkin-7.11.2.jar;C:\Users\renar\.m2\repository\io\cucumber\cucumber-gherkin-messages\7.11.2\cucumber-gherkin-messages-7.11.2.jar;C:\Users\renar\.m2\repository\io\cucumber\messages\21.0.1\messages-21.0.1.jar;C:\Users\renar\.m2\repository\io\cucumber\tag-expressions\5.0.1\tag-expressions-5.0.1.jar;C:\Users\renar\.m2\repository\io\cucumber\cucumber-expressions\16.1.2\cucumber-expressions-16.1.2.jar;C:\Users\renar\.m2\repository\io\cucumber\datatable\7.11.2\datatable-7.11.2.jar;C:\Users\renar\.m2\repository\io\cucumber\cucumber-plugin\7.11.2\cucumber-plugin-7.11.2.jar;C:\Users\renar\.m2\repository\io\cucumber\docstring\7.11.2\docstring-7.11.2.jar;C:\Users\renar\.m2\repository\io\cucumber\html-formatter\20.2.1\html-formatter-20.2.1.jar;C:\Users\renar\.m2\repository\io\cucumber\junit-xml-formatter\0.1.0\junit-xml-formatter-0.1.0.jar;C:\Users\renar\.m2\repository\io\cucumber\ci-environment\9.1.0\ci-environment-9.1.0.jar;C:\Users\renar\.m2\repository\org\apiguardian\apiguardian-api\1.1.2\apiguardian-api-1.1.2.jar;C:\Users\renar\.m2\repository\io\cucumber\cucumber-java\7.11.2\cucumber-java-7.11.2.jar;C:\Users\renar\.m2\repository\io\cucumber\gherkin\26.2.0\gherkin-26.2.0.jar;C:\Users\renar\.m2\repository\io\cucumber\cucumber-jvm-deps\1.0.6\cucumber-jvm-deps-1.0.6.jar;C:\Users\renar\.m2\repository\io\cucumber\cucumber-junit\7.11.2\cucumber-junit-7.11.2.jar;C:\Users\renar\.m2\repository\junit\junit\4.13.2\junit-4.13.2.jar;C:\Users\renar\.m2\repository\org\hamcrest\hamcrest-core\2.2\hamcrest-core-2.2.jar;C:\Users\renar\.m2\repository\io\rest-assured\rest-assured\5.3.0\rest-assured-5.3.0.jar;C:\Users\renar\.m2\repository\org\apache\gr
Launcher Type: SUN_STANDARD

[Global flags]
     intx CICompilerCount                          = 4                                         {product} {ergonomic}
     uint ConcGCThreads                            = 2                                         {product} {ergonomic}
     uint G1ConcRefinementThreads                  = 8                                         {product} {ergonomic}
   size_t G1HeapRegionSize                         = 2097152                                   {product} {ergonomic}
    uintx GCDrainStackTargetSize                   = 64                                        {product} {ergonomic}
   size_t InitialHeapSize                          = 201326592                                 {product} {ergonomic}
   size_t MarkStackSize                            = 4194304                                   {product} {ergonomic}
   size_t MaxHeapSize                              = 3189768192                                {product} {ergonomic}
   size_t MaxNewSize                               = 1912602624                                {product} {ergonomic}
   size_t MinHeapDeltaBytes                        = 2097152                                   {product} {ergonomic}
   size_t MinHeapSize                              = 8388608                                   {product} {ergonomic}
    uintx NonNMethodCodeHeapSize                   = 5839372                                {pd product} {ergonomic}
    uintx NonProfiledCodeHeapSize                  = 122909434                              {pd product} {ergonomic}
    uintx ProfiledCodeHeapSize                     = 122909434                              {pd product} {ergonomic}
    uintx ReservedCodeCacheSize                    = 251658240                              {pd product} {ergonomic}
     bool SegmentedCodeCache                       = true                                      {product} {ergonomic}
   size_t SoftMaxHeapSize                          = 3189768192                             {manageable} {ergonomic}
     bool UseCompressedClassPointers               = true                           {product lp64_product} {ergonomic}
     bool UseCompressedOops                        = true                           {product lp64_product} {ergonomic}
     bool UseG1GC                                  = true                                      {product} {ergonomic}
     bool UseLargePagesIndividualAllocation        = false                                  {pd product} {ergonomic}

Logging:
Log output configuration:
 #0: stdout all=warning uptime,level,tags
 #1: stderr all=off uptime,level,tags

Environment Variables:
JAVA_HOME=C:\Program Files\Java\jdk-17
PATH=C:\Program Files\Java\jdk-17\bin;C:\maven\apache-maven-3.9.5\bin;C:\WINDOWS\system32;C:\WINDOWS;C:\WINDOWS\System32\Wbem;C:\WINDOWS\System32\WindowsPowerShell\v1.0\;C:\WINDOWS\System32\OpenSSH\;C:\ProgramData\chocolatey\bin;C:\Program Files\Microsoft VS Code\bin;C:\Program Files\dotnet\;C:\Program Files\Docker\Docker\resources\bin;C:\Program Files\Git\cmd;C:\Users\renar\AppData\Local\Microsoft\WindowsApps;;C:\Program Files\JetBrains\IntelliJ IDEA 2023.2.3\bin;
USERNAME=renar
OS=Windows_NT
PROCESSOR_IDENTIFIER=Intel64 Family 6 Model 142 Stepping 10, GenuineIntel



---------------  S Y S T E M  ---------------

OS:
 Windows 11 , 64 bit Build 23606 (10.0.23606.1000)
OS uptime: 0 days 19:15 hours
Hyper-V role detected

CPU: total 8 (initial active 8) (4 cores per cpu, 2 threads per core) family 6 model 142 stepping 10 microcode 0xf0, cx8, cmov, fxsr, ht, mmx, 3dnowpref, sse, sse2, sse3, ssse3, sse4.1, sse4.2, popcnt, lzcnt, tsc, tscinvbit, avx, avx2, aes, erms, clmul, bmi1, bmi2, adx, fma, vzeroupper, clflush, clflushopt, hv

Memory: 4k page, system-wide physical 12163M (862M free)
TotalPageFile size 49027M (AvailPageFile size 295M)
current process WorkingSet (physical memory assigned to process): 84M, peak: 84M
current process commit charge ("private bytes"): 295M, peak: 296M

vm_info: Java HotSpot(TM) 64-Bit Server VM (17.0.6+9-LTS-190) for windows-amd64 JRE (17.0.6+9-LTS-190), built on Dec  6 2022 15:53:54 by "mach5one" with MS VC++ 17.1 (VS2022)

END.
